<?xml version="1.0" encoding="UTF-8"?>
<testng-results ignored="0" total="1" passed="1" failed="0" skipped="0">
  <reporter-output>
  </reporter-output>
  <suite started-at="2025-07-02T04:57:04 EET" name="Default suite" finished-at="2025-07-02T04:57:06 EET" duration-ms="2613">
    <groups>
    </groups>
    <test started-at="2025-07-02T04:57:04 EET" name="Default test" finished-at="2025-07-02T04:57:06 EET" duration-ms="2613">
      <class name="loginPage.myTestCases">
        <test-method is-config="true" signature="mySetup()[pri:0, instance:loginPage.myTestCases@50ecde95]" started-at="2025-07-02T04:57:04 EET" name="mySetup" finished-at="2025-07-02T04:57:06 EET" duration-ms="1871" status="PASS">
          <reporter-output>
          </reporter-output>
        </test-method> <!-- mySetup -->
        <test-method signature="Signup()[pri:0, instance:loginPage.myTestCases@50ecde95]" started-at="2025-07-02T04:57:06 EET" name="Signup" finished-at="2025-07-02T04:57:06 EET" duration-ms="693" status="PASS">
          <reporter-output>
          </reporter-output>
        </test-method> <!-- Signup -->
      </class> <!-- loginPage.myTestCases -->
    </test> <!-- Default test -->
  </suite> <!-- Default suite -->
</testng-results>
